<?xml version="1.0" encoding="UTF-8"?>
<!-- Generated by org.testng.reporters.JUnitReportReporter -->
<testsuite hostname="Hariharan" failures="0" tests="2" name="Phase2.Extend_Report.amazon.AmazonSearchTest" time="7.091" errors="0" timestamp="2023-12-18T17:03:34 IST" skipped="0">
  <testcase classname="Phase2.Extend_Report.amazon.AmazonSearchTest" name="testSearch2" time="2.994"/>
  <testcase classname="Phase2.Extend_Report.amazon.AmazonSearchTest" name="testSearch1" time="4.097"/>
</testsuite> <!-- Phase2.Extend_Report.amazon.AmazonSearchTest -->
